app/build/intermediates/manifest_merge_blame_file/debug/processDebugMainManifest/manifest-merger-blame-debug-report.txt
1<?xml version="1.0" encoding="utf-8"?>
2<manifest xmlns:android="http://schemas.android.com/apk/res/android"
3    package="com.macrovideo.demo" >
4
5    <uses-sdk
6        android:minSdkVersion="21"
7        android:targetSdkVersion="34" />
8
9    <!-- ========= NETWORK & WIFI ========= -->
10    <uses-permission android:name="android.permission.INTERNET" />
10-->src\main\AndroidManifest.xml:5:5-67
10-->src\main\AndroidManifest.xml:5:22-64
11    <uses-permission android:name="android.permission.ACCESS_NETWORK_STATE" />
11-->src\main\AndroidManifest.xml:7:5-79
11-->src\main\AndroidManifest.xml:7:22-76
12    <uses-permission android:name="android.permission.CHANGE_NETWORK_STATE" />
12-->src\main\AndroidManifest.xml:8:5-79
12-->src\main\AndroidManifest.xml:8:22-76
13    <uses-permission android:name="android.permission.ACCESS_WIFI_STATE" />
13-->src\main\AndroidManifest.xml:10:5-76
13-->src\main\AndroidManifest.xml:10:22-73
14    <uses-permission android:name="android.permission.CHANGE_WIFI_STATE" />
14-->src\main\AndroidManifest.xml:11:5-76
14-->src\main\AndroidManifest.xml:11:22-73
15    <uses-permission android:name="android.permission.CHANGE_WIFI_MULTICAST_STATE" />
15-->src\main\AndroidManifest.xml:12:5-86
15-->src\main\AndroidManifest.xml:12:22-83
16
17    <!-- ========= LOCATION (REQUIRED FOR WIFI SCAN ANDROID 9+) ========= -->
18    <uses-permission android:name="android.permission.ACCESS_FINE_LOCATION" />
18-->src\main\AndroidManifest.xml:15:5-79
18-->src\main\AndroidManifest.xml:15:22-76
19    <uses-permission android:name="android.permission.ACCESS_COARSE_LOCATION" />
19-->src\main\AndroidManifest.xml:16:5-81
19-->src\main\AndroidManifest.xml:16:22-78
20
21    <!-- ========= ANDROID 13+ WIFI SCAN FIX ========= -->
22    <!-- 🔥 THIS IS MANDATORY FOR ANDROID 13 / 14 / 15 / 16 -->
23    <uses-permission
23-->src\main\AndroidManifest.xml:20:5-23:36
24        android:name="android.permission.NEARBY_WIFI_DEVICES"
24-->src\main\AndroidManifest.xml:21:9-62
25        android:required="false"
25-->src\main\AndroidManifest.xml:23:9-33
26        android:usesPermissionFlags="neverForLocation" />
26-->src\main\AndroidManifest.xml:22:9-55
27
28    <!-- ========= HARDWARE ========= -->
29    <uses-permission android:name="android.permission.CAMERA" />
29-->src\main\AndroidManifest.xml:26:5-65
29-->src\main\AndroidManifest.xml:26:22-62
30    <uses-permission android:name="android.permission.RECORD_AUDIO" />
30-->src\main\AndroidManifest.xml:27:5-71
30-->src\main\AndroidManifest.xml:27:22-68
31    <uses-permission android:name="android.permission.VIBRATE" />
31-->src\main\AndroidManifest.xml:28:5-66
31-->src\main\AndroidManifest.xml:28:22-63
32
33    <!-- ❌ Legacy storage not needed for WiFi (keep only if SDK uses it) -->
34    <uses-permission
34-->src\main\AndroidManifest.xml:31:5-33:38
35        android:name="android.permission.READ_EXTERNAL_STORAGE"
35-->src\main\AndroidManifest.xml:32:9-64
36        android:maxSdkVersion="32" />
36-->src\main\AndroidManifest.xml:33:9-35
37    <uses-permission
37-->src\main\AndroidManifest.xml:35:5-37:38
38        android:name="android.permission.WRITE_EXTERNAL_STORAGE"
38-->src\main\AndroidManifest.xml:36:9-65
39        android:maxSdkVersion="28" />
39-->src\main\AndroidManifest.xml:37:9-35
40
41    <!-- ========= FEATURES ========= -->
42    <uses-feature android:name="android.hardware.camera" />
42-->src\main\AndroidManifest.xml:40:5-60
42-->src\main\AndroidManifest.xml:40:19-57
43    <uses-feature android:name="android.hardware.camera.autofocus" />
43-->src\main\AndroidManifest.xml:41:5-70
43-->src\main\AndroidManifest.xml:41:19-67
44    <uses-feature
44-->src\main\AndroidManifest.xml:43:5-45:35
45        android:glEsVersion="0x00020000"
45-->src\main\AndroidManifest.xml:44:9-41
46        android:required="true" />
46-->src\main\AndroidManifest.xml:45:9-32
47
48    <permission
48-->[androidx.core:core:1.12.0] AndroidManifest.xml:22:5-24:47
49        android:name="com.macrovideo.demo.DYNAMIC_RECEIVER_NOT_EXPORTED_PERMISSION"
49-->[androidx.core:core:1.12.0] AndroidManifest.xml:23:9-81
50        android:protectionLevel="signature" />
50-->[androidx.core:core:1.12.0] AndroidManifest.xml:24:9-44
51
52    <uses-permission android:name="com.macrovideo.demo.DYNAMIC_RECEIVER_NOT_EXPORTED_PERMISSION" />
52-->[androidx.core:core:1.12.0] AndroidManifest.xml:26:5-97
52-->[androidx.core:core:1.12.0] AndroidManifest.xml:26:22-94
53
54    <application
54-->src\main\AndroidManifest.xml:47:5-109:19
55        android:name="com.macrovideo.demo.DemoApplication"
55-->src\main\AndroidManifest.xml:48:9-40
56        android:allowBackup="true"
56-->src\main\AndroidManifest.xml:49:9-35
57        android:appComponentFactory="androidx.core.app.CoreComponentFactory"
57-->[androidx.core:core:1.12.0] AndroidManifest.xml:28:18-86
58        android:debuggable="true"
59        android:extractNativeLibs="true"
60        android:icon="@drawable/ic_launcher"
60-->src\main\AndroidManifest.xml:50:9-45
61        android:label="@string/app_name"
61-->src\main\AndroidManifest.xml:51:9-41
62        android:theme="@style/AppTheme" >
62-->src\main\AndroidManifest.xml:52:9-40
63
64        <!-- ========= LAUNCHER ========= -->
65        <activity
65-->src\main\AndroidManifest.xml:55:9-63:20
66            android:name="com.macrovideo.demo.MainActivity"
66-->src\main\AndroidManifest.xml:56:13-41
67            android:exported="true"
67-->src\main\AndroidManifest.xml:57:13-36
68            android:screenOrientation="portrait" >
68-->src\main\AndroidManifest.xml:58:13-49
69            <intent-filter>
69-->src\main\AndroidManifest.xml:59:13-62:29
70                <action android:name="android.intent.action.MAIN" />
70-->src\main\AndroidManifest.xml:60:17-69
70-->src\main\AndroidManifest.xml:60:25-66
71
72                <category android:name="android.intent.category.LAUNCHER" />
72-->src\main\AndroidManifest.xml:61:17-77
72-->src\main\AndroidManifest.xml:61:27-74
73            </intent-filter>
74        </activity>
75
76        <!-- ========= PLAYER ========= -->
77        <activity
77-->src\main\AndroidManifest.xml:66:9-70:86
78            android:name="com.macrovideo.demo.NVPlayerPlayActivity"
78-->src\main\AndroidManifest.xml:67:13-49
79            android:configChanges="orientation|keyboard|keyboardHidden|screenSize"
79-->src\main\AndroidManifest.xml:70:13-83
80            android:exported="false"
80-->src\main\AndroidManifest.xml:68:13-37
81            android:launchMode="singleTask" />
81-->src\main\AndroidManifest.xml:69:13-44
82        <activity
82-->src\main\AndroidManifest.xml:72:9-76:86
83            android:name="com.macrovideo.demo.NVPlayerPlayFishEyeActivity"
83-->src\main\AndroidManifest.xml:73:13-56
84            android:configChanges="orientation|keyboard|keyboardHidden|screenSize"
84-->src\main\AndroidManifest.xml:76:13-83
85            android:exported="false"
85-->src\main\AndroidManifest.xml:74:13-37
86            android:launchMode="singleTask" />
86-->src\main\AndroidManifest.xml:75:13-44
87        <activity
87-->src\main\AndroidManifest.xml:78:9-82:86
88            android:name="com.macrovideo.demo.NVPlayerPlaybackActivity"
88-->src\main\AndroidManifest.xml:79:13-53
89            android:configChanges="orientation|keyboard|keyboardHidden|screenSize"
89-->src\main\AndroidManifest.xml:82:13-83
90            android:exported="false"
90-->src\main\AndroidManifest.xml:80:13-37
91            android:launchMode="singleTask" />
91-->src\main\AndroidManifest.xml:81:13-44
92        <activity
92-->src\main\AndroidManifest.xml:84:9-88:86
93            android:name="com.macrovideo.demo.NVPlayerPlaybackFishEyeActivity"
93-->src\main\AndroidManifest.xml:85:13-60
94            android:configChanges="orientation|keyboard|keyboardHidden|screenSize"
94-->src\main\AndroidManifest.xml:88:13-83
95            android:exported="false"
95-->src\main\AndroidManifest.xml:86:13-37
96            android:launchMode="singleTask" />
96-->src\main\AndroidManifest.xml:87:13-44
97
98        <!-- ========= WIFI CONFIG ========= -->
99        <activity
99-->src\main\AndroidManifest.xml:91:9-95:86
100            android:name="com.macrovideo.demo.SmartLinkQuickWifiConfigActivity"
100-->src\main\AndroidManifest.xml:92:13-61
101            android:configChanges="orientation|keyboard|keyboardHidden|screenSize"
101-->src\main\AndroidManifest.xml:95:13-83
102            android:exported="false"
102-->src\main\AndroidManifest.xml:93:13-37
103            android:launchMode="singleTask" />
103-->src\main\AndroidManifest.xml:94:13-44
104        <activity
104-->src\main\AndroidManifest.xml:97:9-101:86
105            android:name="com.macrovideo.demo.APConfigActivity"
105-->src\main\AndroidManifest.xml:98:13-45
106            android:configChanges="orientation|keyboard|keyboardHidden|screenSize"
106-->src\main\AndroidManifest.xml:101:13-83
107            android:exported="false"
107-->src\main\AndroidManifest.xml:99:13-37
108            android:launchMode="singleTask" />
108-->src\main\AndroidManifest.xml:100:13-44
109        <activity
109-->src\main\AndroidManifest.xml:103:9-107:86
110            android:name="com.macrovideo.demo.RecordActivity"
110-->src\main\AndroidManifest.xml:104:13-43
111            android:configChanges="orientation|keyboard|keyboardHidden|screenSize"
111-->src\main\AndroidManifest.xml:107:13-83
112            android:exported="false"
112-->src\main\AndroidManifest.xml:105:13-37
113            android:launchMode="singleTask" />
113-->src\main\AndroidManifest.xml:106:13-44
114
115        <provider
115-->[androidx.emoji2:emoji2:1.2.0] AndroidManifest.xml:24:9-32:20
116            android:name="androidx.startup.InitializationProvider"
116-->[androidx.emoji2:emoji2:1.2.0] AndroidManifest.xml:25:13-67
117            android:authorities="com.macrovideo.demo.androidx-startup"
117-->[androidx.emoji2:emoji2:1.2.0] AndroidManifest.xml:26:13-68
118            android:exported="false" >
118-->[androidx.emoji2:emoji2:1.2.0] AndroidManifest.xml:27:13-37
119            <meta-data
119-->[androidx.emoji2:emoji2:1.2.0] AndroidManifest.xml:29:13-31:52
120                android:name="androidx.emoji2.text.EmojiCompatInitializer"
120-->[androidx.emoji2:emoji2:1.2.0] AndroidManifest.xml:30:17-75
121                android:value="androidx.startup" />
121-->[androidx.emoji2:emoji2:1.2.0] AndroidManifest.xml:31:17-49
122            <meta-data
122-->[androidx.lifecycle:lifecycle-process:2.6.1] AndroidManifest.xml:29:13-31:52
123                android:name="androidx.lifecycle.ProcessLifecycleInitializer"
123-->[androidx.lifecycle:lifecycle-process:2.6.1] AndroidManifest.xml:30:17-78
124                android:value="androidx.startup" />
124-->[androidx.lifecycle:lifecycle-process:2.6.1] AndroidManifest.xml:31:17-49
125            <meta-data
125-->[androidx.profileinstaller:profileinstaller:1.3.0] AndroidManifest.xml:29:13-31:52
126                android:name="androidx.profileinstaller.ProfileInstallerInitializer"
126-->[androidx.profileinstaller:profileinstaller:1.3.0] AndroidManifest.xml:30:17-85
127                android:value="androidx.startup" />
127-->[androidx.profileinstaller:profileinstaller:1.3.0] AndroidManifest.xml:31:17-49
128        </provider>
129
130        <receiver
130-->[androidx.profileinstaller:profileinstaller:1.3.0] AndroidManifest.xml:34:9-52:20
131            android:name="androidx.profileinstaller.ProfileInstallReceiver"
131-->[androidx.profileinstaller:profileinstaller:1.3.0] AndroidManifest.xml:35:13-76
132            android:directBootAware="false"
132-->[androidx.profileinstaller:profileinstaller:1.3.0] AndroidManifest.xml:36:13-44
133            android:enabled="true"
133-->[androidx.profileinstaller:profileinstaller:1.3.0] AndroidManifest.xml:37:13-35
134            android:exported="true"
134-->[androidx.profileinstaller:profileinstaller:1.3.0] AndroidManifest.xml:38:13-36
135            android:permission="android.permission.DUMP" >
135-->[androidx.profileinstaller:profileinstaller:1.3.0] AndroidManifest.xml:39:13-57
136            <intent-filter>
136-->[androidx.profileinstaller:profileinstaller:1.3.0] AndroidManifest.xml:40:13-42:29
137                <action android:name="androidx.profileinstaller.action.INSTALL_PROFILE" />
137-->[androidx.profileinstaller:profileinstaller:1.3.0] AndroidManifest.xml:41:17-91
137-->[androidx.profileinstaller:profileinstaller:1.3.0] AndroidManifest.xml:41:25-88
138            </intent-filter>
139            <intent-filter>
139-->[androidx.profileinstaller:profileinstaller:1.3.0] AndroidManifest.xml:43:13-45:29
140                <action android:name="androidx.profileinstaller.action.SKIP_FILE" />
140-->[androidx.profileinstaller:profileinstaller:1.3.0] AndroidManifest.xml:44:17-85
140-->[androidx.profileinstaller:profileinstaller:1.3.0] AndroidManifest.xml:44:25-82
141            </intent-filter>
142            <intent-filter>
142-->[androidx.profileinstaller:profileinstaller:1.3.0] AndroidManifest.xml:46:13-48:29
143                <action android:name="androidx.profileinstaller.action.SAVE_PROFILE" />
143-->[androidx.profileinstaller:profileinstaller:1.3.0] AndroidManifest.xml:47:17-88
143-->[androidx.profileinstaller:profileinstaller:1.3.0] AndroidManifest.xml:47:25-85
144            </intent-filter>
145            <intent-filter>
145-->[androidx.profileinstaller:profileinstaller:1.3.0] AndroidManifest.xml:49:13-51:29
146                <action android:name="androidx.profileinstaller.action.BENCHMARK_OPERATION" />
146-->[androidx.profileinstaller:profileinstaller:1.3.0] AndroidManifest.xml:50:17-95
146-->[androidx.profileinstaller:profileinstaller:1.3.0] AndroidManifest.xml:50:25-92
147            </intent-filter>
148        </receiver>
149    </application>
150
151</manifest>